# JRE version: OpenJDK Runtime Environment (8.0_201-b09) (build 1.8.0_201-b09)
# Java VM: OpenJDK 64-Bit Server VM (25.201-b09 mixed mode linux-amd64 compressed oops)
Heap:
 PSYoungGen      total 287744K, used 0K [0x0000000782100000, 0x0000000799500000, 0x00000007c0000000)
  eden space 269824K, 0% used [0x0000000782100000,0x0000000782100000,0x0000000792880000)
  from space 17920K, 0% used [0x0000000798380000,0x0000000798380000,0x0000000799500000)
  to   space 22016K, 0% used [0x0000000796a00000,0x0000000796a00000,0x0000000797f80000)
 ParOldGen       total 937984K, used 687756K [0x0000000706200000, 0x000000073f600000, 0x0000000782100000)
  object space 937984K, 73% used [0x0000000706200000,0x00000007301a3018,0x000000073f600000)
 Metaspace       used 18604K, capacity 18736K, committed 19072K, reserved 1067008K
  class space    used 2018K, capacity 2086K, committed 2176K, reserved 1048576K
GC Heap History (27 events):
Event: 13.360 GC heap before
{Heap before GC invocations=1 (full 0):
 PSYoungGen      total 55808K, used 48128K [0x0000000782100000, 0x0000000785f00000, 0x00000007c0000000)
  eden space 48128K, 100% used [0x0000000782100000,0x0000000785000000,0x0000000785000000)
  from space 7680K, 0% used [0x0000000785780000,0x0000000785780000,0x0000000785f00000)
  to   space 7680K, 0% used [0x0000000785000000,0x0000000785000000,0x0000000785780000)
 ParOldGen       total 126976K, used 0K [0x0000000706200000, 0x000000070de00000, 0x0000000782100000)
  object space 126976K, 0% used [0x0000000706200000,0x0000000706200000,0x000000070de00000)
 Metaspace       used 18302K, capacity 18480K, committed 18816K, reserved 1067008K
  class space    used 2004K, capacity 2086K, committed 2176K, reserved 1048576K
Event: 13.364 GC heap after
Heap after GC invocations=1 (full 0):
 PSYoungGen      total 55808K, used 5531K [0x0000000782100000, 0x0000000785f00000, 0x00000007c0000000)
  eden space 48128K, 0% used [0x0000000782100000,0x0000000782100000,0x0000000785000000)
  from space 7680K, 72% used [0x0000000785000000,0x0000000785566ee8,0x0000000785780000)
  to   space 7680K, 0% used [0x0000000785780000,0x0000000785780000,0x0000000785f00000)
 ParOldGen       total 126976K, used 24K [0x0000000706200000, 0x000000070de00000, 0x0000000782100000)
  object space 126976K, 0% used [0x0000000706200000,0x0000000706206000,0x000000070de00000)
 Metaspace       used 18302K, capacity 18480K, committed 18816K, reserved 1067008K
  class space    used 2004K, capacity 2086K, committed 2176K, reserved 1048576K
}
Event: 13.425 GC heap before
{Heap before GC invocations=2 (full 0):
 PSYoungGen      total 55808K, used 53659K [0x0000000782100000, 0x0000000785f00000, 0x00000007c0000000)
  eden space 48128K, 100% used [0x0000000782100000,0x0000000785000000,0x0000000785000000)
  from space 7680K, 72% used [0x0000000785000000,0x0000000785566ee8,0x0000000785780000)
  to   space 7680K, 0% used [0x0000000785780000,0x0000000785780000,0x0000000785f00000)
 ParOldGen       total 126976K, used 24K [0x0000000706200000, 0x000000070de00000, 0x0000000782100000)
  object space 126976K, 0% used [0x0000000706200000,0x0000000706206000,0x000000070de00000)
 Metaspace       used 18316K, capacity 18480K, committed 18816K, reserved 1067008K
  class space    used 2004K, capacity 2086K, committed 2176K, reserved 1048576K
Event: 13.429 GC heap after
Heap after GC invocations=2 (full 0):
 PSYoungGen      total 55808K, used 5247K [0x0000000782100000, 0x0000000788e00000, 0x00000007c0000000)
  eden space 48128K, 0% used [0x0000000782100000,0x0000000782100000,0x0000000785000000)
  from space 7680K, 68% used [0x0000000785780000,0x0000000785c9ffb8,0x0000000785f00000)
  to   space 7680K, 0% used [0x0000000785000000,0x0000000785000000,0x0000000785780000)
 ParOldGen       total 126976K, used 32K [0x0000000706200000, 0x000000070de00000, 0x0000000782100000)
  object space 126976K, 0% used [0x0000000706200000,0x0000000706208000,0x000000070de00000)
 Metaspace       used 18316K, capacity 18480K, committed 18816K, reserved 1067008K
  class space    used 2004K, capacity 2086K, committed 2176K, reserved 1048576K
}
Event: 13.622 GC heap before
{Heap before GC invocations=3 (full 0):
 PSYoungGen      total 55808K, used 53375K [0x0000000782100000, 0x0000000788e00000, 0x00000007c0000000)
  eden space 48128K, 100% used [0x0000000782100000,0x0000000785000000,0x0000000785000000)
  from space 7680K, 68% used [0x0000000785780000,0x0000000785c9ffb8,0x0000000785f00000)
  to   space 7680K, 0% used [0x0000000785000000,0x0000000785000000,0x0000000785780000)
 ParOldGen       total 126976K, used 32K [0x0000000706200000, 0x000000070de00000, 0x0000000782100000)
  object space 126976K, 0% used [0x0000000706200000,0x0000000706208000,0x000000070de00000)
 Metaspace       used 18329K, capacity 18480K, committed 18816K, reserved 1067008K
  class space    used 2004K, capacity 2086K, committed 2176K, reserved 1048576K
Event: 13.629 GC heap after
Heap after GC invocations=3 (full 0):
 PSYoungGen      total 55808K, used 7663K [0x0000000782100000, 0x0000000788e00000, 0x00000007c0000000)
  eden space 48128K, 0% used [0x0000000782100000,0x0000000782100000,0x0000000785000000)
  from space 7680K, 99% used [0x0000000785000000,0x000000078577bc40,0x0000000785780000)
  to   space 7680K, 0% used [0x0000000788680000,0x0000000788680000,0x0000000788e00000)
 ParOldGen       total 126976K, used 8594K [0x0000000706200000, 0x000000070de00000, 0x0000000782100000)
  object space 126976K, 6% used [0x0000000706200000,0x0000000706a649b0,0x000000070de00000)
 Metaspace       used 18329K, capacity 18480K, committed 18816K, reserved 1067008K
  class space    used 2004K, capacity 2086K, committed 2176K, reserved 1048576K
}
Event: 13.925 GC heap before
{Heap before GC invocations=4 (full 0):
 PSYoungGen      total 55808K, used 55791K [0x0000000782100000, 0x0000000788e00000, 0x00000007c0000000)
  eden space 48128K, 100% used [0x0000000782100000,0x0000000785000000,0x0000000785000000)
  from space 7680K, 99% used [0x0000000785000000,0x000000078577bc40,0x0000000785780000)
  to   space 7680K, 0% used [0x0000000788680000,0x0000000788680000,0x0000000788e00000)
 ParOldGen       total 126976K, used 8594K [0x0000000706200000, 0x000000070de00000, 0x0000000782100000)
  object space 126976K, 6% used [0x0000000706200000,0x0000000706a649b0,0x000000070de00000)
 Metaspace       used 18440K, capacity 18608K, committed 18816K, reserved 1067008K
  class space    used 2010K, capacity 2086K, committed 2176K, reserved 1048576K
Event: 13.929 GC heap after
Heap after GC invocations=4 (full 0):
 PSYoungGen      total 103936K, used 2208K [0x0000000782100000, 0x0000000788e00000, 0x00000007c0000000)
  eden space 96256K, 0% used [0x0000000782100000,0x0000000782100000,0x0000000787f00000)
  from space 7680K, 28% used [0x0000000788680000,0x00000007888a8020,0x0000000788e00000)
  to   space 7680K, 0% used [0x0000000787f00000,0x0000000787f00000,0x0000000788680000)
 ParOldGen       total 126976K, used 8602K [0x0000000706200000, 0x000000070de00000, 0x0000000782100000)
  object space 126976K, 6% used [0x0000000706200000,0x0000000706a669b0,0x000000070de00000)
 Metaspace       used 18440K, capacity 18608K, committed 18816K, reserved 1067008K
  class space    used 2010K, capacity 2086K, committed 2176K, reserved 1048576K
}
Event: 14.405 GC heap before
{Heap before GC invocations=5 (full 0):
 PSYoungGen      total 103936K, used 97150K [0x0000000782100000, 0x0000000788e00000, 0x00000007c0000000)
  eden space 96256K, 98% used [0x0000000782100000,0x0000000787db7ab8,0x0000000787f00000)
  from space 7680K, 28% used [0x0000000788680000,0x00000007888a8020,0x0000000788e00000)
  to   space 7680K, 0% used [0x0000000787f00000,0x0000000787f00000,0x0000000788680000)
 ParOldGen       total 126976K, used 8602K [0x0000000706200000, 0x000000070de00000, 0x0000000782100000)
  object space 126976K, 6% used [0x0000000706200000,0x0000000706a669b0,0x000000070de00000)
 Metaspace       used 18507K, capacity 18672K, committed 19072K, reserved 1067008K
  class space    used 2016K, capacity 2086K, committed 2176K, reserved 1048576K
Event: 14.416 GC heap after
Heap after GC invocations=5 (full 0):
 PSYoungGen      total 103936K, used 7105K [0x0000000782100000, 0x000000078fa00000, 0x00000007c0000000)
  eden space 96256K, 0% used [0x0000000782100000,0x0000000782100000,0x0000000787f00000)
  from space 7680K, 92% used [0x0000000787f00000,0x00000007885f0480,0x0000000788680000)
  to   space 14848K, 0% used [0x000000078eb80000,0x000000078eb80000,0x000000078fa00000)
 ParOldGen       total 126976K, used 83236K [0x0000000706200000, 0x000000070de00000, 0x0000000782100000)
  object space 126976K, 65% used [0x0000000706200000,0x000000070b349170,0x000000070de00000)
 Metaspace       used 18507K, capacity 18672K, committed 19072K, reserved 1067008K
  class space    used 2016K, capacity 2086K, committed 2176K, reserved 1048576K
}
Event: 14.416 GC heap before
{Heap before GC invocations=6 (full 1):
 PSYoungGen      total 103936K, used 7105K [0x0000000782100000, 0x000000078fa00000, 0x00000007c0000000)
  eden space 96256K, 0% used [0x0000000782100000,0x0000000782100000,0x0000000787f00000)
  from space 7680K, 92% used [0x0000000787f00000,0x00000007885f0480,0x0000000788680000)
  to   space 14848K, 0% used [0x000000078eb80000,0x000000078eb80000,0x000000078fa00000)
 ParOldGen       total 126976K, used 83236K [0x0000000706200000, 0x000000070de00000, 0x0000000782100000)
  object space 126976K, 65% used [0x0000000706200000,0x000000070b349170,0x000000070de00000)
 Metaspace       used 18507K, capacity 18672K, committed 19072K, reserved 1067008K
  class space    used 2016K, capacity 2086K, committed 2176K, reserved 1048576K
Event: 14.432 GC heap after
Heap after GC invocations=6 (full 1):
 PSYoungGen      total 103936K, used 0K [0x0000000782100000, 0x000000078fa00000, 0x00000007c0000000)
  eden space 96256K, 0% used [0x0000000782100000,0x0000000782100000,0x0000000787f00000)
  from space 7680K, 0% used [0x0000000787f00000,0x0000000787f00000,0x0000000788680000)
  to   space 14848K, 0% used [0x000000078eb80000,0x000000078eb80000,0x000000078fa00000)
 ParOldGen       total 142848K, used 35696K [0x0000000706200000, 0x000000070ed80000, 0x0000000782100000)
  object space 142848K, 24% used [0x0000000706200000,0x00000007084dc210,0x000000070ed80000)
 Metaspace       used 18507K, capacity 18672K, committed 19072K, reserved 1067008K
  class space    used 2016K, capacity 2086K, committed 2176K, reserved 1048576K
}
Event: 15.179 GC heap before
{Heap before GC invocations=7 (full 1):
 PSYoungGen      total 103936K, used 93885K [0x0000000782100000, 0x000000078fa00000, 0x00000007c0000000)
  eden space 96256K, 97% used [0x0000000782100000,0x0000000787caf678,0x0000000787f00000)
  from space 7680K, 0% used [0x0000000787f00000,0x0000000787f00000,0x0000000788680000)
  to   space 14848K, 0% used [0x000000078eb80000,0x000000078eb80000,0x000000078fa00000)
 ParOldGen       total 142848K, used 35696K [0x0000000706200000, 0x000000070ed80000, 0x0000000782100000)
  object space 142848K, 24% used [0x0000000706200000,0x00000007084dc210,0x000000070ed80000)
 Metaspace       used 18507K, capacity 18672K, committed 19072K, reserved 1067008K
  class space    used 2016K, capacity 2086K, committed 2176K, reserved 1048576K
Event: 15.219 GC heap after
Heap after GC invocations=7 (full 1):
 PSYoungGen      total 204288K, used 12693K [0x0000000782100000, 0x000000078fb00000, 0x00000007c0000000)
  eden space 189440K, 0% used [0x0000000782100000,0x0000000782100000,0x000000078da00000)
  from space 14848K, 85% used [0x000000078eb80000,0x000000078f7e56a0,0x000000078fa00000)
  to   space 16896K, 0% used [0x000000078da00000,0x000000078da00000,0x000000078ea80000)
 ParOldGen       total 247808K, used 247136K [0x0000000706200000, 0x0000000715400000, 0x0000000782100000)
  object space 247808K, 99% used [0x0000000706200000,0x00000007153582b0,0x0000000715400000)
 Metaspace       used 18507K, capacity 18672K, committed 19072K, reserved 1067008K
  class space    used 2016K, capacity 2086K, committed 2176K, reserved 1048576K
}
Event: 15.219 GC heap before
{Heap before GC invocations=8 (full 2):
 PSYoungGen      total 204288K, used 12693K [0x0000000782100000, 0x000000078fb00000, 0x00000007c0000000)
  eden space 189440K, 0% used [0x0000000782100000,0x0000000782100000,0x000000078da00000)
  from space 14848K, 85% used [0x000000078eb80000,0x000000078f7e56a0,0x000000078fa00000)
  to   space 16896K, 0% used [0x000000078da00000,0x000000078da00000,0x000000078ea80000)
 ParOldGen       total 247808K, used 247136K [0x0000000706200000, 0x0000000715400000, 0x0000000782100000)
  object space 247808K, 99% used [0x0000000706200000,0x00000007153582b0,0x0000000715400000)
 Metaspace       used 18507K, capacity 18672K, committed 19072K, reserved 1067008K
  class space    used 2016K, capacity 2086K, committed 2176K, reserved 1048576K
Event: 15.243 GC heap after
Heap after GC invocations=8 (full 2):
 PSYoungGen      total 204288K, used 0K [0x0000000782100000, 0x000000078fb00000, 0x00000007c0000000)
  eden space 189440K, 0% used [0x0000000782100000,0x0000000782100000,0x000000078da00000)
  from space 14848K, 0% used [0x000000078eb80000,0x000000078eb80000,0x000000078fa00000)
  to   space 16896K, 0% used [0x000000078da00000,0x000000078da00000,0x000000078ea80000)
 ParOldGen       total 355328K, used 127780K [0x0000000706200000, 0x000000071bd00000, 0x0000000782100000)
  object space 355328K, 35% used [0x0000000706200000,0x000000070dec9398,0x000000071bd00000)
 Metaspace       used 18507K, capacity 18672K, committed 19072K, reserved 1067008K
  class space    used 2016K, capacity 2086K, committed 2176K, reserved 1048576K
}
Event: 16.757 GC heap before
{Heap before GC invocations=9 (full 2):
 PSYoungGen      total 204288K, used 189060K [0x0000000782100000, 0x000000078fb00000, 0x00000007c0000000)
  eden space 189440K, 99% used [0x0000000782100000,0x000000078d9a13f8,0x000000078da00000)
  from space 14848K, 0% used [0x000000078eb80000,0x000000078eb80000,0x000000078fa00000)
  to   space 16896K, 0% used [0x000000078da00000,0x000000078da00000,0x000000078ea80000)
 ParOldGen       total 355328K, used 127780K [0x0000000706200000, 0x000000071bd00000, 0x0000000782100000)
  object space 355328K, 35% used [0x0000000706200000,0x000000070dec9398,0x000000071bd00000)
 Metaspace       used 18573K, capacity 18736K, committed 19072K, reserved 1067008K
  class space    used 2018K, capacity 2086K, committed 2176K, reserved 1048576K
Event: 16.905 GC heap after
Heap after GC invocations=9 (full 2):
 PSYoungGen      total 204288K, used 189060K [0x0000000782100000, 0x000000078fb00000, 0x00000007c0000000)
  eden space 189440K, 99% used [0x0000000782100000,0x000000078d9a13f8,0x000000078da00000)
  from space 14848K, 0% used [0x000000078eb80000,0x000000078eb80000,0x000000078fa00000)
  to   space 16896K, 90% used [0x000000078da00000,0x000000078e8eb4c0,0x000000078ea80000)
 ParOldGen       total 501248K, used 500918K [0x0000000706200000, 0x0000000724b80000, 0x0000000782100000)
  object space 501248K, 99% used [0x0000000706200000,0x0000000724b2da58,0x0000000724b80000)
 Metaspace       used 18573K, capacity 18736K, committed 19072K, reserved 1067008K
  class space    used 2018K, capacity 2086K, committed 2176K, reserved 1048576K
}
Event: 16.905 GC heap before
{Heap before GC invocations=10 (full 3):
 PSYoungGen      total 204288K, used 189060K [0x0000000782100000, 0x000000078fb00000, 0x00000007c0000000)
  eden space 189440K, 99% used [0x0000000782100000,0x000000078d9a13f8,0x000000078da00000)
  from space 14848K, 0% used [0x000000078eb80000,0x000000078eb80000,0x000000078fa00000)
  to   space 16896K, 90% used [0x000000078da00000,0x000000078e8eb4c0,0x000000078ea80000)
 ParOldGen       total 501248K, used 500918K [0x0000000706200000, 0x0000000724b80000, 0x0000000782100000)
  object space 501248K, 99% used [0x0000000706200000,0x0000000724b2da58,0x0000000724b80000)
 Metaspace       used 18573K, capacity 18736K, committed 19072K, reserved 1067008K
  class space    used 2018K, capacity 2086K, committed 2176K, reserved 1048576K
Event: 16.989 GC heap after
Heap after GC invocations=10 (full 3):
 PSYoungGen      total 204288K, used 0K [0x0000000782100000, 0x000000078fb00000, 0x00000007c0000000)
  eden space 189440K, 0% used [0x0000000782100000,0x0000000782100000,0x000000078da00000)
  from space 14848K, 0% used [0x000000078eb80000,0x000000078eb80000,0x000000078fa00000)
  to   space 16896K, 0% used [0x000000078da00000,0x000000078da00000,0x000000078ea80000)
 ParOldGen       total 557056K, used 314398K [0x0000000706200000, 0x0000000728200000, 0x0000000782100000)
  object space 557056K, 56% used [0x0000000706200000,0x00000007195078a0,0x0000000728200000)
 Metaspace       used 18573K, capacity 18736K, committed 19072K, reserved 1067008K
  class space    used 2018K, capacity 2086K, committed 2176K, reserved 1048576K
}
Event: 18.539 GC heap before
{Heap before GC invocations=11 (full 3):
 PSYoungGen      total 204288K, used 188087K [0x0000000782100000, 0x000000078fb00000, 0x00000007c0000000)
  eden space 189440K, 99% used [0x0000000782100000,0x000000078d8ade00,0x000000078da00000)
  from space 14848K, 0% used [0x000000078eb80000,0x000000078eb80000,0x000000078fa00000)
  to   space 16896K, 0% used [0x000000078da00000,0x000000078da00000,0x000000078ea80000)
 ParOldGen       total 557056K, used 314398K [0x0000000706200000, 0x0000000728200000, 0x0000000782100000)
  object space 557056K, 56% used [0x0000000706200000,0x00000007195078a0,0x0000000728200000)
 Metaspace       used 18578K, capacity 18736K, committed 19072K, reserved 1067008K
  class space    used 2018K, capacity 2086K, committed 2176K, reserved 1048576K
Event: 19.371 GC heap after
Heap after GC invocations=11 (full 3):
 PSYoungGen      total 206336K, used 15213K [0x0000000782100000, 0x0000000799680000, 0x00000007c0000000)
  eden space 189440K, 0% used [0x0000000782100000,0x0000000782100000,0x000000078da00000)
  from space 16896K, 90% used [0x000000078da00000,0x000000078e8db4c0,0x000000078ea80000)
  to   space 19456K, 0% used [0x0000000798380000,0x0000000798380000,0x0000000799680000)
 ParOldGen       total 754176K, used 752211K [0x0000000706200000, 0x0000000734280000, 0x0000000782100000)
  object space 754176K, 99% used [0x0000000706200000,0x0000000734094ea0,0x0000000734280000)
 Metaspace       used 18578K, capacity 18736K, committed 19072K, reserved 1067008K
  class space    used 2018K, capacity 2086K, committed 2176K, reserved 1048576K
}
Event: 19.371 GC heap before
{Heap before GC invocations=12 (full 4):
 PSYoungGen      total 206336K, used 15213K [0x0000000782100000, 0x0000000799680000, 0x00000007c0000000)
  eden space 189440K, 0% used [0x0000000782100000,0x0000000782100000,0x000000078da00000)
  from space 16896K, 90% used [0x000000078da00000,0x000000078e8db4c0,0x000000078ea80000)
  to   space 19456K, 0% used [0x0000000798380000,0x0000000798380000,0x0000000799680000)
 ParOldGen       total 754176K, used 752211K [0x0000000706200000, 0x0000000734280000, 0x0000000782100000)
  object space 754176K, 99% used [0x0000000706200000,0x0000000734094ea0,0x0000000734280000)
 Metaspace       used 18578K, capacity 18736K, committed 19072K, reserved 1067008K
  class space    used 2018K, capacity 2086K, committed 2176K, reserved 1048576K
Event: 19.629 GC heap after
Heap after GC invocations=12 (full 4):
 PSYoungGen      total 206336K, used 0K [0x0000000782100000, 0x0000000799680000, 0x00000007c0000000)
  eden space 189440K, 0% used [0x0000000782100000,0x0000000782100000,0x000000078da00000)
  from space 16896K, 0% used [0x000000078da00000,0x000000078da00000,0x000000078ea80000)
  to   space 19456K, 0% used [0x0000000798380000,0x0000000798380000,0x0000000799680000)
 ParOldGen       total 937984K, used 501096K [0x0000000706200000, 0x000000073f600000, 0x0000000782100000)
  object space 937984K, 53% used [0x0000000706200000,0x0000000724b5a338,0x000000073f600000)
 Metaspace       used 18578K, capacity 18736K, committed 19072K, reserved 1067008K
  class space    used 2018K, capacity 2086K, committed 2176K, reserved 1048576K
}
Event: 21.423 GC heap before
{Heap before GC invocations=13 (full 4):
 PSYoungGen      total 206336K, used 188502K [0x0000000782100000, 0x0000000799680000, 0x00000007c0000000)
  eden space 189440K, 99% used [0x0000000782100000,0x000000078d915868,0x000000078da00000)
  from space 16896K, 0% used [0x000000078da00000,0x000000078da00000,0x000000078ea80000)
  to   space 19456K, 0% used [0x0000000798380000,0x0000000798380000,0x0000000799680000)
 ParOldGen       total 937984K, used 501096K [0x0000000706200000, 0x000000073f600000, 0x0000000782100000)
  object space 937984K, 53% used [0x0000000706200000,0x0000000724b5a338,0x000000073f600000)
 Metaspace       used 18604K, capacity 18736K, committed 19072K, reserved 1067008K
  class space    used 2018K, capacity 2086K, committed 2176K, reserved 1048576K
Event: 21.641 GC heap after
Heap after GC invocations=13 (full 4):
 PSYoungGen      total 287744K, used 17700K [0x0000000782100000, 0x0000000799500000, 0x00000007c0000000)
  eden space 269824K, 0% used [0x0000000782100000,0x0000000782100000,0x0000000792880000)
  from space 17920K, 98% used [0x0000000798380000,0x00000007994c92e0,0x0000000799500000)
  to   space 22016K, 0% used [0x0000000796a00000,0x0000000796a00000,0x0000000797f80000)
 ParOldGen       total 937984K, used 876722K [0x0000000706200000, 0x000000073f600000, 0x0000000782100000)
  object space 937984K, 93% used [0x0000000706200000,0x000000073ba2c818,0x000000073f600000)
 Metaspace       used 18604K, capacity 18736K, committed 19072K, reserved 1067008K
  class space    used 2018K, capacity 2086K, committed 2176K, reserved 1048576K
}
Event: 21.648 GC heap before
{Heap before GC invocations=14 (full 5):
 PSYoungGen      total 287744K, used 17700K [0x0000000782100000, 0x0000000799500000, 0x00000007c0000000)
  eden space 269824K, 0% used [0x0000000782100000,0x0000000782100000,0x0000000792880000)
  from space 17920K, 98% used [0x0000000798380000,0x00000007994c92e0,0x0000000799500000)
  to   space 22016K, 0% used [0x0000000796a00000,0x0000000796a00000,0x0000000797f80000)
 ParOldGen       total 937984K, used 876722K [0x0000000706200000, 0x000000073f600000, 0x0000000782100000)
  object space 937984K, 93% used [0x0000000706200000,0x000000073ba2c818,0x000000073f600000)
 Metaspace       used 18604K, capacity 18736K, committed 19072K, reserved 1067008K
  class space    used 2018K, capacity 2086K, committed 2176K, reserved 1048576K

